2016-04-06 14:05:02 [@GLPI]
Interne #1 : Démarrage createinquest
2016-04-06 14:31:29 [2@GLPI]
Interne #1 : Démarrage watcher
2016-04-06 14:38:09 [2@GLPI]
Interne #1 : Démarrage ticketrecurrent
2016-04-06 14:58:30 [2@GLPI]
Interne #1 : Démarrage planningrecall
2016-04-06 15:00:04 [@GLPI]
Interne #1 : Démarrage queuedmail
2016-04-06 15:00:13 [@GLPI]
Interne #1 : Démarrage queuedmailclean
2016-04-06 15:02:44 [@GLPI]
Interne #1 : Démarrage temp
2016-04-06 15:03:25 [@GLPI]
Interne #1 : Démarrage mailgateerror
2016-04-06 15:16:10 [2@GLPI]
Interne #1 : Démarrage contract
2016-04-06 15:23:06 [2@GLPI]
Interne #1 : Démarrage infocom
2016-04-06 15:39:43 [2@GLPI]
Interne #1 : Démarrage optimize
2016-04-06 15:49:15 [2@GLPI]
Interne #1 : Démarrage mailgate
2016-04-06 15:50:15 [2@GLPI]
Interne #1 : Démarrage session
2016-04-06 15:57:46 [2@GLPI]
Interne #1 : Démarrage graph
2016-04-06 16:00:33 [@GLPI]
Interne #1 : Démarrage reservation
2016-04-06 16:01:57 [@GLPI]
Interne #1 : Démarrage closeticket
2016-04-06 16:02:19 [@GLPI]
Interne #1 : Démarrage alertnotclosed
2016-04-06 16:02:28 [@GLPI]
Interne #1 : Démarrage slaticket
2016-04-06 16:02:40 [@GLPI]
Interne #1 : Démarrage queuedmail
2016-04-06 16:04:26 [@GLPI]
Interne #1 : Démarrage planningrecall
